heap profile: 0: 0 [7652: 1985136] @ heap/1048576
0: 0 [1: 16] @ 0x1ab05 0x5f901
0: 0 [13: 208] @ 0xede7 0x5cf569 0x5cfd0b 0x58f2ec 0x58fdab 0x57993e 0x5c048e 0x57b148 0xacea7f 0x2af77e 0x2d4634 0x1dd287 0x7945a 0x797d1 0x5f901
0: 0 [30: 960] @ 0x591475 0x59174b 0x5934ef 0x5937cb 0x5c5252 0x5c54cb 0x5c0522 0x57b148 0xacea7f 0x2af77e 0x2d4634 0x1dd287 0x7945a 0x797d1 0x5f901
0: 0 [28: 896] @ 0xede7 0x591233 0x59174b 0x5934ef 0x5937cb 0x5c5252 0x5c54cb 0x5c0522 0x57b148 0xacea7f 0x2af77e 0x2d4634 0x1dd287 0x7945a 0x797d1 0x5f901
0: 0 [42: 2016] @ 0x2d4282 0x1dd287 0x7945a 0x797d1 0x5f901
0: 0 [32: 1024] @ 0x590ed5 0x5911ab 0x592fef 0x5932cb 0x5c4852 0x5c4acb 0x5c0092 0x57b2fb 0xaceda0 0x2af77e 0x2d4634 0x1dd4cf 0x7945a 0x797d1 0x5f901
0: 0 [47: 1504] @ 0xede7 0x591ae3 0x591d6b 0x5914d1 0x59174b 0x5934ef 0x5937cb 0x5c5252 0x5c54cb 0x5c0522 0x57b148 0xacea7f 0x2af77e 0x2d4634 0x1dd287 0x7945a 0x797d1 0x5f901
0: 0 [56: 3584] @ 0x579d14 0x5c048e 0x57b148 0xacea7f 0x2af77e 0x2d4634 0x1dd287 0x7945a 0x797d1 0x5f901
0: 0 [22: 704] @ 0xede7 0x5917d3 0x591a5b 0x590f31 0x5911ab 0x592fef 0x5932cb 0x5c4852 0x5c4acb 0x5c0092 0x57b2fb 0xaceda0 0x2af77e 0x2d4634 0x1dd4cf 0x7945a 0x797d1 0x5f901
0: 0 [18: 288] @ 0xede7 0x5a21b3 0x5a23db 0x5da890 0x5dbdeb 0x5d9b82 0x5d9ccb 0x57a559 0x5bfffe 0x57b2fb 0xaceda0 0x2af77e 0x2d4634 0x1dd4cf 0x7945a 0x797d1 0x5f901
0: 0 [21: 336] @ 0xede7 0x5a2463 0x5a268b 0x5dc050 0x5dd5ab 0x5d9ee2 0x5da02b 0x579789 0x5c048e 0x57b148 0xacea7f 0x2af77e 0x2d4634 0x1dd287 0x7945a 0x797d1 0x5f901
0: 0 [26: 832] @ 0xede7 0x591233 0x59174b 0x59357b 0x5937cb 0x5c5252 0x5c54cb 0x5c0522 0x57b148 0xacea7f 0x2af77e 0x2d4634 0x1dd287 0x7945a 0x797d1 0x5f901
0: 0 [133: 21280] @ 0xede7 0x5b66a6 0x5b6e5b 0x5c03f6 0x57b148 0xacea7f 0x2af77e 0x2d4634 0x1dd287 0x7945a 0x797d1 0x5f901
0: 0 [13: 208] @ 0x437a5 0x249a04 0x249e05 0x29a7bf 0x2d3424 0x1dd287 0x7945a 0x797d1 0x5f901
0: 0 [44: 2112] @ 0x2d4282 0x1dd4cf 0x7945a 0x797d1 0x5f901
0: 0 [47: 2256] @ 0x437a5 0x58f399 0x58fdab 0x57993e 0x5c048e 0x57b148 0xacea7f 0x2af77e 0x2d4634 0x1dd287 0x7945a 0x797d1 0x5f901
0: 0 [41: 1968] @ 0x437a5 0x58e019 0x58ea2b 0x57a70e 0x5bfffe 0x57b2fb 0xaceda0 0x2af77e 0x2d4634 0x1dd4cf 0x7945a 0x797d1 0x5f901
0: 0 [30: 960] @ 0xede7 0x590c93 0x5911ab 0x59307b 0x5932cb 0x5c4852 0x5c4acb 0x5c0092 0x57b2fb 0xaceda0 0x2af77e 0x2d4634 0x1dd4cf 0x7945a 0x797d1 0x5f901
0: 0 [43: 2064] @ 0xede7 0x5da0b3 0x5da32b 0x58e148 0x58ea2b 0x57a70e 0x5bfffe 0x57b2fb 0xaceda0 0x2af77e 0x2d4634 0x1dd4cf 0x7945a 0x797d1 0x5f901
0: 0 [13: 208] @ 0x7eeaba 0x57a3f0 0x5bfffe 0x57b2fb 0xaceda0 0x2af77e 0x2d4634 0x1dd4cf 0x7945a 0x797d1 0x5f901
0: 0 [186: 35712] @ 0xede7 0x57a2e6 0x5bfffe 0x57b2fb 0xaceda0 0x2af77e 0x2d4634 0x1dd4cf 0x7945a 0x797d1 0x5f901
0: 0 [130: 16640] @ 0xede7 0x592e53 0x5932cb 0x5c4852 0x5c4acb 0x5c0092 0x57b2fb 0xaceda0 0x2af77e 0x2d4634 0x1dd4cf 0x7945a 0x797d1 0x5f901
0: 0 [116: 14848] @ 0xede7 0x593353 0x5937cb 0x5c5252 0x5c54cb 0x5c0522 0x57b148 0xacea7f 0x2af77e 0x2d4634 0x1dd287 0x7945a 0x797d1 0x5f901
0: 0 [47: 2256] @ 0xede7 0x5da3b3 0x5da62b 0x58f4c8 0x58fdab 0x57993e 0x5c048e 0x57b148 0xacea7f 0x2af77e 0x2d4634 0x1dd287 0x7945a 0x797d1 0x5f901
0: 0 [50: 2400] @ 0x2d564c 0x2d46fb 0x1dd287 0x7945a 0x797d1 0x5f901
0: 0 [65: 4160] @ 0x57aae4 0x5bfffe 0x57b2fb 0xaceda0 0x2af77e 0x2d4634 0x1dd4cf 0x7945a 0x797d1 0x5f901
0: 0 [34: 1088] @ 0xede7 0x590c93 0x5911ab 0x592fef 0x5932cb 0x5c4852 0x5c4acb 0x5c0092 0x57b2fb 0xaceda0 0x2af77e 0x2d4634 0x1dd4cf 0x7945a 0x797d1 0x5f901
0: 0 [163: 26080] @ 0xede7 0x5b5e66 0x5b661b 0x5bff66 0x57b2fb 0xaceda0 0x2af77e 0x2d4634 0x1dd4cf 0x7945a 0x797d1 0x5f901
0: 0 [142: 24992] @ 0x437a5 0x57a423 0x5bfffe 0x57b2fb 0xaceda0 0x2af77e 0x2d4634 0x1dd4cf 0x7945a 0x797d1 0x5f901
0: 0 [80: 6400] @ 0x2af637 0x2d4634 0x1dd287 0x7945a 0x797d1 0x5f901
0: 0 [148: 23680] @ 0xede7 0x5dbe76 0x5dd5ab 0x5d9ee2 0x5da02b 0x579789 0x5c048e 0x57b148 0xacea7f 0x2af77e 0x2d4634 0x1dd287 0x7945a 0x797d1 0x5f901
0: 0 [113: 14464] @ 0x437a5 0x5c5129 0x5c54cb 0x5c0522 0x57b148 0xacea7f 0x2af77e 0x2d4634 0x1dd287 0x7945a 0x797d1 0x5f901
0: 0 [121: 7744] @ 0xede7 0x5905d3 0x5908ab 0x58dccb 0x58ea2b 0x57a70e 0x5bfffe 0x57b2fb 0xaceda0 0x2af77e 0x2d4634 0x1dd4cf 0x7945a 0x797d1 0x5f901
0: 0 [85: 9520] @ 0x437a5 0x58db9c 0x58ea2b 0x57a70e 0x5bfffe 0x57b2fb 0xaceda0 0x2af77e 0x2d4634 0x1dd4cf 0x7945a 0x797d1 0x5f901
0: 0 [21: 336] @ 0x437a5 0x249a04 0x249e05 0x29a7bf 0x2d3424 0x1dd4cf 0x7945a 0x797d1 0x5f901
0: 0 [16: 256] @ 0x5dbfeb 0x5dd5ab 0x5d9ee2 0x5da02b 0x579789 0x5c048e 0x57b148 0xacea7f 0x2af77e 0x2d4634 0x1dd287 0x7945a 0x797d1 0x5f901
0: 0 [152: 21888] @ 0xede7 0x5c4156 0x5c4acb 0x5c0092 0x57b2fb 0xaceda0 0x2af77e 0x2d4634 0x1dd4cf 0x7945a 0x797d1 0x5f901
0: 0 [244: 62464] @ 0xede7 0x58eab6 0x58fdab 0x57993e 0x5c048e 0x57b148 0xacea7f 0x2af77e 0x2d4634 0x1dd287 0x7945a 0x797d1 0x5f901
0: 0 [150: 24000] @ 0xede7 0x5da6b6 0x5dbdeb 0x5d9b82 0x5d9ccb 0x57a559 0x5bfffe 0x57b2fb 0xaceda0 0x2af77e 0x2d4634 0x1dd4cf 0x7945a 0x797d1 0x5f901
0: 0 [103: 11536] @ 0xede7 0x5c0d76 0x5c126b 0x5c4446 0x5c4acb 0x5c0092 0x57b2fb 0xaceda0 0x2af77e 0x2d4634 0x1dd4cf 0x7945a 0x797d1 0x5f901
0: 0 [120: 17280] @ 0xede7 0x5c4b56 0x5c54cb 0x5c0522 0x57b148 0xacea7f 0x2af77e 0x2d4634 0x1dd287 0x7945a 0x797d1 0x5f901
0: 0 [144: 25344] @ 0xede7 0x5d99f3 0x5d9ccb 0x57a559 0x5bfffe 0x57b2fb 0xaceda0 0x2af77e 0x2d4634 0x1dd4cf 0x7945a 0x797d1 0x5f901
0: 0 [104: 11648] @ 0xede7 0x5c12f6 0x5c17eb 0x5c4e46 0x5c54cb 0x5c0522 0x57b148 0xacea7f 0x2af77e 0x2d4634 0x1dd287 0x7945a 0x797d1 0x5f901
0: 0 [98: 10976] @ 0x437a5 0x5c4d1d 0x5c54cb 0x5c0522 0x57b148 0xacea7f 0x2af77e 0x2d4634 0x1dd287 0x7945a 0x797d1 0x5f901
0: 0 [17: 272] @ 0xede7 0x5cf193 0x5cf4bb 0x58df6c 0x58ea2b 0x57a70e 0x5bfffe 0x57b2fb 0xaceda0 0x2af77e 0x2d4634 0x1dd4cf 0x7945a 0x797d1 0x5f901
0: 0 [240: 61440] @ 0x437a5 0x57980b 0x5c048e 0x57b148 0xacea7f 0x2af77e 0x2d4634 0x1dd287 0x7945a 0x797d1 0x5f901
0: 0 [78: 4992] @ 0xede7 0x57b893 0x579d85 0x5c048e 0x57b148 0xacea7f 0x2af77e 0x2d4634 0x1dd287 0x7945a 0x797d1 0x5f901
0: 0 [90: 7200] @ 0x2af637 0x2d4634 0x1dd4cf 0x7945a 0x797d1 0x5f901
0: 0 [102: 13056] @ 0x437a5 0x5c4729 0x5c4acb 0x5c0092 0x57b2fb 0xaceda0 0x2af77e 0x2d4634 0x1dd4cf 0x7945a 0x797d1 0x5f901
0: 0 [178: 31328] @ 0xede7 0x5d9d53 0x5da02b 0x579789 0x5c048e 0x57b148 0xacea7f 0x2af77e 0x2d4634 0x1dd287 0x7945a 0x797d1 0x5f901
0: 0 [239: 61184] @ 0x437a5 0x57a5db 0x5bfffe 0x57b2fb 0xaceda0 0x2af77e 0x2d4634 0x1dd4cf 0x7945a 0x797d1 0x5f901
0: 0 [164: 28864] @ 0x437a5 0x579653 0x5c048e 0x57b148 0xacea7f 0x2af77e 0x2d4634 0x1dd287 0x7945a 0x797d1 0x5f901
0: 0 [15: 240] @ 0x5da82b 0x5dbdeb 0x5d9b82 0x5d9ccb 0x57a559 0x5bfffe 0x57b2fb 0xaceda0 0x2af77e 0x2d4634 0x1dd4cf 0x7945a 0x797d1 0x5f901
0: 0 [100: 11200] @ 0x437a5 0x58d943 0x58ea2b 0x57a70e 0x5bfffe 0x57b2fb 0xaceda0 0x2af77e 0x2d4634 0x1dd4cf 0x7945a 0x797d1 0x5f901
0: 0 [108: 12096] @ 0x437a5 0x58ecc3 0x58fdab 0x57993e 0x5c048e 0x57b148 0xacea7f 0x2af77e 0x2d4634 0x1dd287 0x7945a 0x797d1 0x5f901
0: 0 [182: 32032] @ 0xede7 0x579516 0x5c048e 0x57b148 0xacea7f 0x2af77e 0x2d4634 0x1dd287 0x7945a 0x797d1 0x5f901
0: 0 [66: 4224] @ 0xede7 0x57bdd3 0x57ab55 0x5bfffe 0x57b2fb 0xaceda0 0x2af77e 0x2d4634 0x1dd4cf 0x7945a 0x797d1 0x5f901
0: 0 [505: 258560] @ 0x12261 0x30783f 0x2d0b7c 0x2d3e45 0x1dd4cf 0x7945a 0x797d1 0x5f901
0: 0 [121: 13552] @ 0x437a5 0x58ef1c 0x58fdab 0x57993e 0x5c048e 0x57b148 0xacea7f 0x2af77e 0x2d4634 0x1dd287 0x7945a 0x797d1 0x5f901
0: 0 [243: 62208] @ 0xede7 0x58d736 0x58ea2b 0x57a70e 0x5bfffe 0x57b2fb 0xaceda0 0x2af77e 0x2d4634 0x1dd4cf 0x7945a 0x797d1 0x5f901
0: 0 [118: 7552] @ 0xede7 0x590933 0x590c0b 0x58f04b 0x58fdab 0x57993e 0x5c048e 0x57b148 0xacea7f 0x2af77e 0x2d4634 0x1dd287 0x7945a 0x797d1 0x5f901
0: 0 [556: 320256] @ 0x12261 0x30783f 0x2d0b7c 0x2d3e45 0x1dd287 0x7945a 0x797d1 0x5f901
0: 0 [505: 258560] @ 0xede7 0x5c0223 0x57b148 0xacea7f 0x2af77e 0x2d4634 0x1dd287 0x7945a 0x797d1 0x5f901
0: 0 [574: 330624] @ 0xede7 0x5bfd93 0x57b2fb 0xaceda0 0x2af77e 0x2d4634 0x1dd4cf 0x7945a 0x797d1 0x5f901
0: 0 [115: 12880] @ 0x437a5 0x5c431d 0x5c4acb 0x5c0092 0x57b2fb 0xaceda0 0x2af77e 0x2d4634 0x1dd4cf 0x7945a 0x797d1 0x5f901
0: 0 [1: 32768] @ 0x437a5 0x67331 0x68546 0x6b893 0x6f1b7 0x20ab 0x7f95b 0x7ea41 0x2297 0x2ffb0 0x5f901
0: 0 [1: 112] @ 0x228805 0x227c03 0x227c03 0x6df6b 0x6de23 0x6e64d 0xc5a50d 0xc5b731 0xad8f10 0x7ef889 0xacef50 0x5359c8 0x1ed9f6 0x230f 0x2ff7f 0x5f901
0: 0 [1: 160] @ 0x43ba1 0x2178be 0x214dfd 0x2161dd 0x215c5a 0x2161dd 0x215f13 0x2161dd 0x2142b9 0x6df79 0x6de23 0x6e64d 0xc5a0a4 0xc5a569 0xc5b5f9 0xad8f10 0x7ef889 0xacef50 0x5359c8 0x1ed9f6 0x230f 0x2ff7f 0x5f901
0: 0 [1: 640] @ 0x43ba1 0x2178be 0x214cdb 0x215dad 0x21632a 0x2161dd 0x215e60 0x215f13 0x216243 0x2142b9 0x6df79 0x6de23 0x6e64d 0xc5a0a4 0xc5a3a9 0xc5a2bb 0xc5b0ec 0xad8f10 0x7ef889 0xacef50 0x5359c8 0x1ed9f6 0x230f 0x2ff7f 0x5f901

# runtime.MemStats
# Alloc = 1232840
# TotalAlloc = 4088396648
# Sys = 10098936
# Lookups = 12
# Mallocs = 33720568
# Frees = 33712741
# HeapAlloc = 1232840
# HeapSys = 5767168
# HeapIdle = 3317760
# HeapInuse = 2449408
# HeapReleased = 0
# HeapObjects = 7827
# Stack = 524288 / 524288
# MSpan = 32640 / 81920
# MCache = 9600 / 16384
# BuckHashSys = 1460053
# NextGC = 4194304
# PauseNs = [96830 118692 105657 83218 116814 96774 104196 145672 117698 91042 110570 90404 99798 98977 110533 105523 90449 99406 99570 102913 92692 144692 120913 96120 137066 132854 94262 94911 98732 99158 112947 98730 111044 108146 126173 105162 126509 104064 120137 93656 137416 85520 115186 101158 124053 147955 100451 98322 123220 123448 103495 95081 87626 109759 103242 157918 105435 104532 96326 122354 105230 136850 95181 148313 100106 106793 116466 109311 113394 129114 121052 114693 100841 105387 96042 123380 325150 102591 87710 109029 96833 322360 110329 116772 117671 117651 108268 138533 114857 115969 97878 112511 101960 95006 91050 129131 93163 149467 97892 97633 93246 110943 156960 97163 106521 107646 130119 105301 113289 96578 104372 101435 103162 763290 119457 93436 72118 100663 110191 116577 84210 90342 95386 92283 151825 100029 100795 127299 108145 115248 91680 104673 97340 236970 104129 108035 117865 108587 94716 123584 105825 101183 106040 98688 74824 93561 86122 99633 97686 90627 118315 107661 104771 87256 96682 118665 97492 90520 95655 96373 106796 120159 96976 94383 95487 83561 111425 87120 105031 86506 97768 133858 95577 104990 95046 125342 105941 94546 108645 105704 128863 105192 91032 201882 175985 70487 119856 68873 67871 68838 77922 72978 74208 124183 288032 102336 91605 85934 84806 85064 87563 112555 128053 85490 98211 92940 98030 85122 91190 86431 112276 115045 127616 102133 117395 94124 155003 118064 85703 91919 86132 93685 112887 100319 101336 117247 109930 101215 106177 84998 108863 92331 111149 107061 89980 89705 106626 90812 99106 96040 110060 99499 112727 110860 118442 96767 100386 132443 99937 96967 98891 99536 108522 98253 96743 95131]
# NumGC = 1394
# EnableGC = true
# DebugGC = false
