k8s.io/kubernetes
bazil.org/fuse v0.0.0-20160811212531-371fbbdaa898 [v0.0.0-20230120002735-62a210ff1fd5]
bitbucket.org/bertimus9/systemstat v0.5.0
cloud.google.com/go v0.97.0 [v0.110.2]
cloud.google.com/go/bigquery v1.8.0 [v1.51.2]
cloud.google.com/go/datastore v1.1.0 [v1.11.0]
cloud.google.com/go/firestore v1.1.0 [v1.9.0]
cloud.google.com/go/pubsub v1.3.1 [v1.30.1]
cloud.google.com/go/storage v1.10.0 [v1.30.1]
dmitri.shuralyov.com/gpu/mtl v0.0.0-20190408044501-666a987793e9 [v0.0.0-20221208032759-85de2813cf6b]
github.com/Azure/azure-sdk-for-go v68.0.0+incompatible
github.com/Azure/go-ansiterm v0.0.0-20210617225240-d185dfc1b5a1 [v0.0.0-20230124172434-306776ec8161]
github.com/Azure/go-autorest v14.2.0+incompatible
github.com/Azure/go-autorest/autorest v0.11.29
github.com/Azure/go-autorest/autorest/adal v0.9.23
github.com/Azure/go-autorest/autorest/date v0.3.0
github.com/Azure/go-autorest/autorest/mocks v0.4.2
github.com/Azure/go-autorest/autorest/to v0.4.0
github.com/Azure/go-autorest/autorest/validation v0.3.1
github.com/Azure/go-autorest/logger v0.2.1
github.com/Azure/go-autorest/tracing v0.6.0
github.com/BurntSushi/toml v0.3.1 [v1.2.1]
github.com/BurntSushi/xgb v0.0.0-20160522181843-27f122750802 [v0.0.0-20210121224620-deaf085860bc]
github.com/GoogleCloudPlatform/k8s-cloud-provider v1.18.1-0.20220218231025-f11817397a1b [v1.23.0]
github.com/JeffAshton/win_pdh v0.0.0-20161109143554-76bb4ee9f0ab
github.com/MakeNowJust/heredoc v1.0.0
github.com/Microsoft/go-winio v0.6.0 [v0.6.1]
github.com/Microsoft/hcsshim v0.8.25 [v0.9.9]
github.com/NYTimes/gziphandler v1.1.1
github.com/OneOfOne/xxhash v1.2.2 [v1.2.8]
github.com/a8m/tree v0.0.0-20210115125333-10a5fd5b637d [v0.0.0-20230208161321-36ae24ddad15]
github.com/alecthomas/template v0.0.0-20190718012654-fb15b899a751
github.com/alecthomas/units v0.0.0-20190924025748-f65c72e2690d [v0.0.0-20211218093645-b94a6e3cc137]
github.com/antihax/optional v1.0.0
github.com/antlr/antlr4/runtime/Go/antlr v1.4.10
github.com/armon/circbuf v0.0.0-20150827004946-bbbad097214e [v0.0.0-20190214190532-5111143e8da2]
github.com/armon/consul-api v0.0.0-20180202201655-eb2c6b5be1b6
github.com/armon/go-metrics v0.0.0-20180917152333-f0300d1749da [v0.4.1]
github.com/armon/go-radix v0.0.0-20180808171621-7fddfc383310 [v1.0.0]
github.com/armon/go-socks5 v0.0.0-20160902184237-e75332964ef5
github.com/asaskevich/govalidator v0.0.0-20190424111038-f61b66f89f4a [v0.0.0-20230301143203-a9d515a09cc2]
github.com/aws/aws-sdk-go v1.35.24 [v1.44.266]
github.com/benbjohnson/clock v1.1.0 [v1.3.5]
github.com/beorn7/perks v1.0.1
github.com/bgentry/speakeasy v0.1.0
github.com/bketelsen/crypt v0.0.3-0.20200106085610-5cbc8cc4026c [v0.0.5]
github.com/blang/semver v3.5.1+incompatible
github.com/blang/semver/v4 v4.0.0
github.com/cenkalti/backoff/v4 v4.2.1
github.com/census-instrumentation/opencensus-proto v0.2.1 [v0.4.1]
github.com/cespare/xxhash v1.1.0
github.com/cespare/xxhash/v2 v2.1.2 [v2.2.0]
github.com/chai2010/gettext-go v1.0.2
github.com/checkpoint-restore/go-criu/v5 v5.3.0
github.com/chzyer/logex v1.1.10 [v1.2.1]
github.com/chzyer/readline v0.0.0-20180603132655-2972be24d48e [v1.5.1]
github.com/chzyer/test v0.0.0-20180213035817-a1ea475d72b1 [v1.0.0]
github.com/cilium/ebpf v0.9.1 [v0.10.0]
github.com/client9/misspell v0.3.4
github.com/cncf/udpa/go v0.0.0-20210930031921-04548b0d99d4 [v0.0.0-20220112060539-c52dc94e7fbe] (deprecated)
github.com/cncf/xds/go v0.0.0-20211011173535-cb28da3451f1 [v0.0.0-20230428030218-4003588d1b74]
github.com/cockroachdb/datadriven v1.0.2
github.com/container-storage-interface/spec v1.8.0
github.com/containerd/cgroups v1.1.0
github.com/containerd/console v1.0.3
github.com/containerd/containerd v1.4.9 [v1.7.1]
github.com/containerd/continuity v0.1.0 [v0.4.1]
github.com/containerd/fifo v1.0.0 [v1.1.0]
github.com/containerd/go-runc v1.0.0 [v1.1.0]
github.com/containerd/ttrpc v1.2.2
github.com/containerd/typeurl v1.0.2
github.com/coredns/caddy v1.1.1
github.com/coredns/corefile-migration v1.0.20
github.com/coreos/bbolt v1.3.2 [v1.3.7]
github.com/coreos/etcd v3.3.13+incompatible [v3.3.27+incompatible]
github.com/coreos/go-oidc v2.2.1+incompatible
github.com/coreos/go-semver v0.3.1
github.com/coreos/go-systemd v0.0.0-20190321100706-95778dfbb74e [v0.0.0-20191104093116-d3cd4ed1dbcf]
github.com/coreos/go-systemd/v22 v22.5.0
github.com/coreos/pkg v0.0.0-20180928190104-399ea9e2e55f [v0.0.0-20230327231512-ba87abf18a23]
github.com/cpuguy83/go-md2man/v2 v2.0.2
github.com/creack/pty v1.1.18
github.com/cyphar/filepath-securejoin v0.2.3
github.com/davecgh/go-spew v1.1.1
github.com/daviddengcn/go-colortext v1.0.0
github.com/dgrijalva/jwt-go v3.2.0+incompatible
github.com/dgryski/go-sip13 v0.0.0-20181026042036-e10d5fee7954 [v0.0.0-20200911182023-62edffca9245]
github.com/dnaeon/go-vcr v1.2.0
github.com/docker/distribution v2.8.2+incompatible
github.com/docker/docker v20.10.21+incompatible [v24.0.1+incompatible]
github.com/docker/go-connections v0.4.0
github.com/docker/go-units v0.5.0
github.com/docopt/docopt-go v0.0.0-20180111231733-ee0de3bc6815
github.com/dougm/pretty v0.0.0-20171025230240-2ee9d7453c02
github.com/dustin/go-humanize v1.0.0 [v1.0.1]
github.com/emicklei/go-restful/v3 v3.9.0 [v3.10.2]
github.com/envoyproxy/go-control-plane v0.10.2-0.20220325020618-49ff273808a1 [v0.11.0]
github.com/envoyproxy/protoc-gen-validate v0.1.0 [v1.0.1]
github.com/euank/go-kmsg-parser v2.0.0+incompatible
github.com/evanphx/json-patch v4.12.0+incompatible [v5.6.0+incompatible]
github.com/exponent-io/jsonpath v0.0.0-20151013193312-d6023ce2651d [v0.0.0-20210407135951-1de76d718b3f]
github.com/fatih/camelcase v1.0.0
github.com/fatih/color v1.7.0 [v1.15.0]
github.com/felixge/httpsnoop v1.0.3
github.com/flynn/go-shlex v0.0.0-20150515145356-3f9db97f8568
github.com/frankban/quicktest v1.14.0 [v1.14.5]
github.com/fsnotify/fsnotify v1.6.0
github.com/fvbommel/sortorder v1.1.0
github.com/ghodss/yaml v1.0.0
github.com/go-errors/errors v1.4.2
github.com/go-gl/glfw v0.0.0-20190409004039-e6da0acd62b1 [v0.0.0-20221017161538-93cebf72946b]
github.com/go-gl/glfw/v3.3/glfw v0.0.0-20200222043503-6f7a984d4dc4 [v0.0.0-20221017161538-93cebf72946b]
github.com/go-kit/kit v0.9.0 [v0.12.0]
github.com/go-kit/log v0.2.0 [v0.2.1]
github.com/go-logfmt/logfmt v0.5.1 [v0.6.0]
github.com/go-logr/logr v1.2.4
github.com/go-logr/stdr v1.2.2
github.com/go-logr/zapr v1.2.3 [v1.2.4]
github.com/go-openapi/jsonpointer v0.19.6
github.com/go-openapi/jsonreference v0.20.1 [v0.20.2]
github.com/go-openapi/swag v0.22.3
github.com/go-stack/stack v1.8.0 [v1.8.1]
github.com/go-task/slim-sprig v0.0.0-20230315185526-52ccab3ef572
github.com/godbus/dbus/v5 v5.0.6 [v5.1.0]
github.com/gofrs/uuid v4.4.0+incompatible
github.com/gogo/googleapis v1.4.1
github.com/gogo/protobuf v1.3.2
github.com/golang-jwt/jwt/v4 v4.5.0
github.com/golang/glog v1.0.0 [v1.1.1]
github.com/golang/groupcache v0.0.0-20210331224755-41bb18bfe9da
github.com/golang/mock v1.6.0
github.com/golang/protobuf v1.5.3 (deprecated)
github.com/golang/snappy v0.0.3 [v0.0.4]
github.com/golangplus/bytes v1.0.0
github.com/golangplus/fmt v1.0.0
github.com/golangplus/testing v1.0.0
github.com/google/btree v1.0.1 [v1.1.2]
github.com/google/cadvisor v0.47.1
github.com/google/cel-go v0.12.6 [v0.15.2]
github.com/google/gnostic v0.5.7-v3refs [v0.6.9]
github.com/google/go-cmp v0.5.9
github.com/google/gofuzz v1.2.0
github.com/google/martian v2.1.0+incompatible
github.com/google/martian/v3 v3.2.1 [v3.3.2]
github.com/google/pprof v0.0.0-20210720184732-4bb14d4b1be1 [v0.0.0-20230510103437-eeec1cb781c3]
github.com/google/renameio v0.1.0 [v1.0.1]
github.com/google/shlex v0.0.0-20191202100458-e7afc7fbc510
github.com/google/uuid v1.3.0
github.com/googleapis/gax-go/v2 v2.1.1 [v2.8.0]
github.com/gopherjs/gopherjs v0.0.0-20181017120253-0766667cb4d1 [v1.17.2]
github.com/gorilla/websocket v1.4.2 [v1.5.0]
github.com/gregjones/httpcache v0.0.0-20180305231024-9cad4c3443a7 [v0.0.0-20190611155906-901d90724c79]
github.com/grpc-ecosystem/go-grpc-middleware v1.3.0 [v1.4.0]
github.com/grpc-ecosystem/go-grpc-prometheus v1.2.0
github.com/grpc-ecosystem/grpc-gateway v1.16.0
github.com/grpc-ecosystem/grpc-gateway/v2 v2.7.0 [v2.15.2]
github.com/hashicorp/consul/api v1.1.0 [v1.20.0]
github.com/hashicorp/consul/sdk v0.1.1 [v0.13.1]
github.com/hashicorp/errwrap v1.0.0 [v1.1.0]
github.com/hashicorp/go-cleanhttp v0.5.1 [v0.5.2]
github.com/hashicorp/go-immutable-radix v1.0.0 [v1.3.1]
github.com/hashicorp/go-msgpack v0.5.3 [v0.5.5]
github.com/hashicorp/go-multierror v1.0.0 [v1.1.1]
github.com/hashicorp/go-rootcerts v1.0.0 [v1.0.2]
github.com/hashicorp/go-sockaddr v1.0.0 [v1.0.2]
github.com/hashicorp/go-syslog v1.0.0
github.com/hashicorp/go-uuid v1.0.1 [v1.0.3]
github.com/hashicorp/go.net v0.0.1
github.com/hashicorp/golang-lru v0.5.1 [v1.0.1]
github.com/hashicorp/hcl v1.0.0
github.com/hashicorp/logutils v1.0.0
github.com/hashicorp/mdns v1.0.0 [v1.0.5]
github.com/hashicorp/memberlist v0.1.3 [v0.5.0]
github.com/hashicorp/serf v0.8.2 [v0.10.1]
github.com/ianlancetaylor/demangle v0.0.0-20200824232613-28f6c0f3b639 [v0.0.0-20230518222243-5fae71655e82]
github.com/imdario/mergo v0.3.6 [v0.3.15]
github.com/inconshreveable/mousetrap v1.1.0
github.com/ishidawataru/sctp v0.0.0-20190723014705-7c296d48a2b5 [v0.0.0-20230406120618-7ff4192f6ff2]
github.com/jmespath/go-jmespath v0.4.0
github.com/jmespath/go-jmespath/internal/testify v1.5.1
github.com/jonboulle/clockwork v0.2.2 [v0.4.0]
github.com/josharian/intern v1.0.0
github.com/jpillora/backoff v1.0.0
github.com/json-iterator/go v1.1.12
github.com/jstemmer/go-junit-report v0.9.1 [v1.0.0]
github.com/jtolds/gls v4.20.0+incompatible
github.com/julienschmidt/httprouter v1.3.0
github.com/karrick/godirwalk v1.17.0
github.com/kisielk/errcheck v1.5.0 [v1.6.3]
github.com/kisielk/gotool v1.0.0
github.com/konsorten/go-windows-terminal-sequences v1.0.3
github.com/kr/logfmt v0.0.0-20140226030751-b84e30acd515 [v0.0.0-20210122060352-19f9bcb100e6]
github.com/kr/pretty v0.3.0 [v0.3.1]
github.com/kr/pty v1.1.1 [v1.1.8]
github.com/kr/text v0.2.0
github.com/libopenstorage/openstorage v1.0.0 [v9.4.47+incompatible]
github.com/liggitt/tabwriter v0.0.0-20181228230101-89fcab3d43de
github.com/lithammer/dedent v1.1.0
github.com/magiconair/properties v1.8.1 [v1.8.7]
github.com/mailru/easyjson v0.7.7
github.com/mattn/go-colorable v0.0.9 [v0.1.13]
github.com/mattn/go-isatty v0.0.3 [v0.0.18]
github.com/matttproud/golang_protobuf_extensions v1.0.2 [v1.0.4]
github.com/miekg/dns v1.0.14 [v1.1.54]
github.com/mistifyio/go-zfs v2.1.2-0.20190413222219-f784269be439+incompatible
github.com/mitchellh/cli v1.0.0 [v1.1.5]
github.com/mitchellh/go-homedir v1.1.0
github.com/mitchellh/go-testing-interface v1.0.0 [v1.14.1]
github.com/mitchellh/go-wordwrap v1.0.1
github.com/mitchellh/gox v0.4.0 [v1.0.1]
github.com/mitchellh/iochan v1.0.0
github.com/mitchellh/mapstructure v1.4.1 [v1.5.0]
github.com/moby/ipvs v1.1.0
github.com/moby/spdystream v0.2.0
github.com/moby/sys/mountinfo v0.6.2
github.com/moby/term v0.0.0-20221205130635-1aeaba878587 [v0.5.0]
github.com/modern-go/concurrent v0.0.0-20180306012644-bacd9c7ef1dd
github.com/modern-go/reflect2 v1.0.2
github.com/mohae/deepcopy v0.0.0-20170603005431-491d3605edfb [v0.0.0-20170929034955-c48cc78d4826]
github.com/monochromegane/go-gitignore v0.0.0-20200626010858-205db1a8cc00
github.com/morikuni/aec v1.0.0
github.com/mrunalp/fileutils v0.5.0
github.com/munnerz/goautoneg v0.0.0-20191010083416-a7dc8b61c822
github.com/mwitkow/go-conntrack v0.0.0-20190716064945-2f068394615f
github.com/mxk/go-flowrate v0.0.0-20140419014527-cca7078d478f
github.com/oklog/ulid v1.3.1
github.com/onsi/ginkgo/v2 v2.9.4 [v2.9.5]
github.com/onsi/gomega v1.27.6 [v1.27.7]
github.com/opencontainers/go-digest v1.0.0
github.com/opencontainers/image-spec v1.0.2
github.com/opencontainers/runc v1.1.6 [v1.1.7]
github.com/opencontainers/runtime-spec v1.0.3-0.20220909204839-494a5a6aca78 [v1.1.0-rc.2]
github.com/opencontainers/selinux v1.10.0 [v1.11.0]
github.com/opentracing/opentracing-go v1.1.0 [v1.2.0]
github.com/pascaldekloe/goe v0.0.0-20180627143212-57f6aae5913c [v0.1.1]
github.com/pelletier/go-toml v1.2.0 [v1.9.5]
github.com/peterbourgon/diskv v2.0.1+incompatible
github.com/pkg/errors v0.9.1
github.com/pmezard/go-difflib v1.0.0
github.com/posener/complete v1.1.1 [v1.2.3]
github.com/pquerna/cachecontrol v0.1.0
github.com/prometheus/client_golang v1.14.0 [v1.15.1]
github.com/prometheus/client_model v0.3.0 [v0.4.0]
github.com/prometheus/common v0.37.0 [v0.43.0]
github.com/prometheus/procfs v0.8.0 [v0.9.0]
github.com/prometheus/tsdb v0.7.1 [v0.10.0]
github.com/rasky/go-xdr v0.0.0-20170217172119-4930550ba2e2
github.com/robfig/cron/v3 v3.0.1
github.com/rogpeppe/fastuuid v1.2.0
github.com/rogpeppe/go-internal v1.6.1 [v1.10.0]
github.com/rubiojr/go-vhd v0.0.0-20200706105327-02e210299021 [v0.0.0-20200706122120-ccecf6c0760f]
github.com/russross/blackfriday/v2 v2.1.0
github.com/ryanuber/columnize v0.0.0-20160712163229-9b3edd62028f [v2.1.2+incompatible]
github.com/sean-/seed v0.0.0-20170313163322-e2103e2c3529
github.com/seccomp/libseccomp-golang v0.10.0
github.com/sergi/go-diff v1.1.0 [v1.3.1]
github.com/shurcooL/sanitized_anchor_name v1.0.0
github.com/sirupsen/logrus v1.9.0 [v1.9.2]
github.com/smartystreets/assertions v0.0.0-20180927180507-b2de0cb4f26d [v1.13.1]
github.com/smartystreets/goconvey v1.6.4 [v1.8.0]
github.com/soheilhy/cmux v0.1.5
github.com/spaolacci/murmur3 v0.0.0-20180118202830-f09979ecbc72 [v1.1.0]
github.com/spf13/afero v1.2.2 [v1.9.5]
github.com/spf13/cast v1.3.0 [v1.5.1]
github.com/spf13/cobra v1.7.0
github.com/spf13/jwalterweatherman v1.0.0 [v1.1.0]
github.com/spf13/pflag v1.0.5
github.com/spf13/viper v1.7.0 [v1.15.0]
github.com/stoewer/go-strcase v1.2.0 [v1.3.0]
github.com/stretchr/objx v0.5.0
github.com/stretchr/testify v1.8.2 [v1.8.3]
github.com/subosito/gotenv v1.2.0 [v1.4.2]
github.com/syndtr/gocapability v0.0.0-20200815063812-42c35b437635
github.com/tmc/grpc-websocket-proxy v0.0.0-20220101234140-673ab2c3ae75
github.com/ugorji/go v1.1.4 [v1.2.11]
github.com/urfave/cli v1.22.2 [v1.22.13]
github.com/vishvananda/netlink v1.1.0
github.com/vishvananda/netns v0.0.4
github.com/vmware/govmomi v0.30.0 [v0.30.4]
github.com/vmware/vmw-guestinfo v0.0.0-20170707015358-25eff159a728 [v0.0.0-20220317130741-510905f0efa3]
github.com/xiang90/probing v0.0.0-20190116061207-43a291ad63a2 [v0.0.0-20221125231312-a49e3df8f510]
github.com/xlab/treeprint v1.2.0
github.com/xordataexchange/crypt v0.0.3-0.20170626215501-b2862e3d0a77
github.com/yuin/goldmark v1.4.13 [v1.5.4]
go.etcd.io/bbolt v1.3.7
go.etcd.io/etcd/api/v3 v3.5.9
go.etcd.io/etcd/client/pkg/v3 v3.5.9
go.etcd.io/etcd/client/v2 v2.305.9
go.etcd.io/etcd/client/v3 v3.5.9
go.etcd.io/etcd/pkg/v3 v3.5.9
go.etcd.io/etcd/raft/v3 v3.5.9
go.etcd.io/etcd/server/v3 v3.5.9
go.etcd.io/gofail v0.1.0
go.opencensus.io v0.24.0
go.opentelemetry.io/contrib/instrumentation/github.com/emicklei/go-restful/otelrestful v0.35.0 [v0.41.1]
go.opentelemetry.io/contrib/instrumentation/google.golang.org/grpc/otelgrpc v0.35.0 [v0.41.1]
go.opentelemetry.io/contrib/instrumentation/net/http/otelhttp v0.35.1 [v0.41.1]
go.opentelemetry.io/contrib/propagators/b3 v1.10.0 [v1.16.1]
go.opentelemetry.io/otel v1.10.0 [v1.15.1]
go.opentelemetry.io/otel/exporters/otlp/internal/retry v1.10.0 [v1.15.1]
go.opentelemetry.io/otel/exporters/otlp/otlptrace v1.10.0 [v1.15.1]
go.opentelemetry.io/otel/exporters/otlp/otlptrace/otlptracegrpc v1.10.0 [v1.15.1]
go.opentelemetry.io/otel/metric v0.31.0 [v0.38.1]
go.opentelemetry.io/otel/sdk v1.10.0 [v1.15.1]
go.opentelemetry.io/otel/trace v1.10.0 [v1.15.1]
go.opentelemetry.io/proto/otlp v0.19.0
go.starlark.net v0.0.0-20200306205701-8dd3e2ee1dd5 [v0.0.0-20230302034142-4b1e35fe2254]
go.uber.org/atomic v1.10.0 [v1.11.0]
go.uber.org/goleak v1.2.1
go.uber.org/multierr v1.11.0
go.uber.org/zap v1.19.0 [v1.24.0]
golang.org/x/crypto v0.6.0 [v0.9.0]
golang.org/x/exp v0.0.0-20200224162631-6cc2880d07d6 [v0.0.0-20230519143937-03e91628a987]
golang.org/x/image v0.0.0-20190802002840-cff245a6509b [v0.7.0]
golang.org/x/lint v0.0.0-20210508222113-6edffad5e616
golang.org/x/mobile v0.0.0-20190719004257-d2bd2a29d028 [v0.0.0-20230427221453-e8d11dd0ba41]
golang.org/x/mod v0.10.0
golang.org/x/net v0.9.0 [v0.10.0]
golang.org/x/oauth2 v0.0.0-20220223155221-ee480838109b [v0.8.0]
golang.org/x/sync v0.1.0 [v0.2.0]
golang.org/x/sys v0.7.0 [v0.8.0]
golang.org/x/term v0.7.0 [v0.8.0]
golang.org/x/text v0.9.0
golang.org/x/time v0.3.0
golang.org/x/tools v0.8.0 [v0.9.1]
golang.org/x/xerrors v0.0.0-20220907171357-04be3eba64a2
google.golang.org/api v0.60.0 [v0.123.0]
google.golang.org/appengine v1.6.7
google.golang.org/genproto v0.0.0-20220502173005-c8bf987b8c21 [v0.0.0-20230410155749-daa745c078e1]
google.golang.org/grpc v1.51.0 [v1.55.0]
google.golang.org/grpc/cmd/protoc-gen-go-grpc v1.1.0 [v1.3.0]
google.golang.org/protobuf v1.30.0
gopkg.in/alecthomas/kingpin.v2 v2.2.6 [v2.3.2]
gopkg.in/check.v1 v1.0.0-20201130134442-10cb98267c6c
gopkg.in/errgo.v2 v2.1.0
gopkg.in/gcfg.v1 v1.2.3
gopkg.in/inf.v0 v0.9.1
gopkg.in/ini.v1 v1.51.0 [v1.67.0]
gopkg.in/natefinch/lumberjack.v2 v2.2.1
gopkg.in/resty.v1 v1.12.0
gopkg.in/square/go-jose.v2 v2.6.0
gopkg.in/warnings.v0 v0.1.2
gopkg.in/yaml.v2 v2.4.0
gopkg.in/yaml.v3 v3.0.1
gotest.tools/v3 v3.0.3 [v3.4.0]
honnef.co/go/tools v0.0.1-2020.1.4 [v0.4.3]
k8s.io/api v0.0.0 [v0.27.2] => ./staging/src/k8s.io/api
k8s.io/apiextensions-apiserver v0.0.0 [v0.27.2] => ./staging/src/k8s.io/apiextensions-apiserver
k8s.io/apimachinery v0.0.0 [v0.27.2] => ./staging/src/k8s.io/apimachinery
k8s.io/apiserver v0.0.0 [v0.27.2] => ./staging/src/k8s.io/apiserver
k8s.io/cli-runtime v0.0.0 [v0.27.2] => ./staging/src/k8s.io/cli-runtime
k8s.io/client-go v0.0.0 [v1.5.2] => ./staging/src/k8s.io/client-go
k8s.io/cloud-provider v0.0.0 [v0.27.2] => ./staging/src/k8s.io/cloud-provider
k8s.io/cluster-bootstrap v0.0.0 [v0.27.2] => ./staging/src/k8s.io/cluster-bootstrap
k8s.io/code-generator v0.0.0 [v0.27.2] => ./staging/src/k8s.io/code-generator
k8s.io/component-base v0.0.0 [v0.27.2] => ./staging/src/k8s.io/component-base
k8s.io/component-helpers v0.0.0 [v0.27.2] => ./staging/src/k8s.io/component-helpers
k8s.io/controller-manager v0.0.0 [v0.27.2] => ./staging/src/k8s.io/controller-manager
k8s.io/cri-api v0.0.0 [v0.27.2] => ./staging/src/k8s.io/cri-api
k8s.io/csi-translation-lib v0.0.0 [v0.27.2] => ./staging/src/k8s.io/csi-translation-lib
k8s.io/dynamic-resource-allocation v0.0.0 [v0.27.2] => ./staging/src/k8s.io/dynamic-resource-allocation
k8s.io/gengo v0.0.0-20220902162205-c0856e24416d [v0.0.0-20230306165830-ab3349d207d4]
k8s.io/klog/v2 v2.100.1
k8s.io/kms v0.0.0 [v0.27.2] => ./staging/src/k8s.io/kms
k8s.io/kube-aggregator v0.0.0 [v0.27.2] => ./staging/src/k8s.io/kube-aggregator
k8s.io/kube-controller-manager v0.0.0 [v0.27.2] => ./staging/src/k8s.io/kube-controller-manager
k8s.io/kube-openapi v0.0.0-20230515203736-54b630e78af5
k8s.io/kube-proxy v0.0.0 [v0.27.2] => ./staging/src/k8s.io/kube-proxy
k8s.io/kube-scheduler v0.0.0 [v0.27.2] => ./staging/src/k8s.io/kube-scheduler
k8s.io/kubectl v0.0.0 [v0.27.2] => ./staging/src/k8s.io/kubectl
k8s.io/kubelet v0.0.0 [v0.27.2] => ./staging/src/k8s.io/kubelet
k8s.io/legacy-cloud-providers v0.0.0 [v0.27.2] => ./staging/src/k8s.io/legacy-cloud-providers
k8s.io/metrics v0.0.0 [v0.27.2] => ./staging/src/k8s.io/metrics
k8s.io/mount-utils v0.0.0 [v0.27.2] => ./staging/src/k8s.io/mount-utils
k8s.io/pod-security-admission v0.0.0 [v0.27.2] => ./staging/src/k8s.io/pod-security-admission
k8s.io/sample-apiserver v0.0.0 [v0.27.2] => ./staging/src/k8s.io/sample-apiserver
k8s.io/system-validators v1.8.0
k8s.io/utils v0.0.0-20230406110748-d93618cff8a2 [v0.0.0-20230505201702-9f6742963106]
rsc.io/binaryregexp v0.2.0
rsc.io/quote/v3 v3.1.0
rsc.io/sampler v1.3.0 [v1.99.99]
sigs.k8s.io/apiserver-network-proxy/konnectivity-client v0.1.2 [v0.1.3]
sigs.k8s.io/json v0.0.0-20221116044647-bc3834ca7abd
sigs.k8s.io/kustomize/api v0.13.2 [v0.13.4]
sigs.k8s.io/kustomize/cmd/config v0.11.1 [v0.11.2]
sigs.k8s.io/kustomize/kustomize/v5 v5.0.1 [v5.0.3]
sigs.k8s.io/kustomize/kyaml v0.14.1 [v0.14.2]
sigs.k8s.io/structured-merge-diff/v4 v4.2.3
sigs.k8s.io/yaml v1.3.0
